<?xml version="1.0" encoding="UTF-8"?>
<!-- Generated by org.testng.reporters.JUnitReportReporter -->
<testsuite hostname="BhavnaLappy" failures="0" tests="1" name="com.bhavna.javaapi.testclass.TestCase3" time="3.766" errors="0" timestamp="2023-05-29T01:58:53 GMT-04:00" skipped="0">
  <testcase classname="com.bhavna.javaapi.testclass.TestCase3" name="run" time="3.766"/>
  <system-out/>
</testsuite> <!-- com.bhavna.javaapi.testclass.TestCase3 -->
