<?xml version="1.0" encoding="UTF-8"?>
<!-- Generated by org.testng.reporters.JUnitReportReporter -->
<testsuite hostname="BhavnaLappy" failures="0" tests="1" name="com.bhavna.javaapi.testclass.TestCase2" time="4.733" errors="0" timestamp="2023-05-28T07:58:19 GMT-04:00" skipped="0">
  <testcase classname="com.bhavna.javaapi.testclass.TestCase2" name="run" time="4.733"/>
  <system-out/>
</testsuite> <!-- com.bhavna.javaapi.testclass.TestCase2 -->
